{"level":"warn","message":"Ruta GET /api/productos-test no esta implementada"}
{"level":"warn","message":"Ruta GET /... no esta implementada"}
{"level":"warn","message":"Ruta GET /favicon.ico no esta implementada"}
{"level":"warn","message":"Ruta GET /... no esta implementada"}
{"level":"warn","message":"Ruta GET /... no esta implementada"}
{"level":"warn","message":"Ruta GET /... no esta implementada"}
{"level":"warn","message":"Ruta GET /... no esta implementada"}
{"level":"warn","message":"Ruta GET /... no esta implementada"}
{"level":"warn","message":"Ruta GET /... no esta implementada"}
{"level":"warn","message":"Ruta GET /favicon.ico no esta implementada"}
{"level":"warn","message":"Ruta GET /... no esta implementada"}
{"level":"warn","message":"Ruta GET /favicon.ico no esta implementada"}
{"level":"warn","message":"Ruta GET /favicon.ico no esta implementada"}
{"level":"warn","message":"Ruta GET /favicon.ico no esta implementada"}
{"level":"warn","message":"Ruta GET /favicon.ico no esta implementada"}
{"level":"warn","message":"Ruta GET /favicon.ico no esta implementada"}
{"level":"warn","message":"Ruta GET /... no esta implementada"}
{"level":"warn","message":"Ruta GET /favicon.ico no esta implementada"}
{"level":"warn","message":"Ruta GET /favicon.ico no esta implementada"}
{"level":"warn","message":"Ruta GET /favicon.ico no esta implementada"}
{"level":"warn","message":"Ruta GET /favicon.ico no esta implementada"}
{"level":"warn","message":"Ruta GET /favicon.ico no esta implementada"}
{"level":"warn","message":"Ruta GET /favicon.ico no esta implementada"}
{"level":"warn","message":"Ruta GET /favicon.ico no esta implementada"}
{"level":"warn","message":"Ruta GET /favicon.ico no esta implementada"}
{"level":"warn","message":"Ruta GET /favicon.ico no esta implementada"}
{"level":"warn","message":"Ruta GET /favicon.ico no esta implementada"}
{"level":"warn","message":"Ruta GET /favicon.ico no esta implementada"}
{"level":"warn","message":"Ruta GET /favicon.ico no esta implementada"}
{"level":"warn","message":"Ruta GET /favicon.ico no esta implementada"}
{"level":"warn","message":"Ruta GET /favicon.ico no esta implementada"}
{"level":"warn","message":"Ruta GET /favicon.ico no esta implementada"}
{"level":"warn","message":"Ruta GET /favicon.ico no esta implementada"}
{"level":"warn","message":"Ruta GET /favicon.ico no esta implementada"}
{"level":"warn","message":"Ruta GET /favicon.ico no esta implementada"}
{"level":"warn","message":"Ruta GET /favicon.ico no esta implementada"}
{"level":"warn","message":"Ruta GET /favicon.ico no esta implementada"}
{"level":"warn","message":"Ruta GET /favicon.ico no esta implementada"}
{"level":"warn","message":"Ruta GET /favicon.ico no esta implementada"}
{"level":"warn","message":"Ruta GET /favicon.ico no esta implementada"}
{"level":"warn","message":"Ruta GET /favicon.ico no esta implementada"}
{"level":"warn","message":"Ruta GET /favicon.ico no esta implementada"}
{"level":"warn","message":"Ruta GET /favicon.ico no esta implementada"}
{"level":"warn","message":"Ruta GET /favicon.ico no esta implementada"}
{"level":"warn","message":"Ruta GET /favicon.ico no esta implementada"}
{"level":"warn","message":"Ruta GET /favicon.ico no esta implementada"}
{"level":"warn","message":"Ruta GET /favicon.ico no esta implementada"}
{"level":"warn","message":"Ruta GET /favicon.ico no esta implementada"}
{"level":"warn","message":"Ruta GET /... no esta implementada"}
{"level":"warn","message":"Ruta GET /favicon.ico no esta implementada"}
{"level":"warn","message":"Ruta GET /favicon.ico no esta implementada"}
{"level":"warn","message":"Ruta GET /... no esta implementada"}
{"level":"warn","message":"Ruta GET /favicon.ico no esta implementada"}
{"level":"warn","message":"Ruta GET /favicon.ico no esta implementada"}
{"level":"warn","message":"Ruta GET /... no esta implementada"}
{"level":"warn","message":"Ruta GET /favicon.ico no esta implementada"}
{"level":"warn","message":"Ruta GET /favicon.ico no esta implementada"}
{"level":"warn","message":"Ruta GET /... no esta implementada"}
{"level":"warn","message":"Ruta GET /favicon.ico no esta implementada"}
{"level":"warn","message":"Ruta GET /... no esta implementada"}
{"level":"warn","message":"Ruta GET /favicon.ico no esta implementada"}
{"level":"warn","message":"Ruta GET /... no esta implementada"}
{"level":"warn","message":"Ruta GET /favicon.ico no esta implementada"}
{"level":"warn","message":"Ruta GET /favicon.ico no esta implementada"}
{"level":"warn","message":"Ruta GET /... no esta implementada"}
{"level":"warn","message":"Ruta GET /favicon.ico no esta implementada"}
{"level":"warn","message":"Ruta GET /... no esta implementada"}
{"level":"warn","message":"Ruta GET /favicon.ico no esta implementada"}
{"level":"warn","message":"Ruta GET /favicon.ico no esta implementada"}
{"level":"warn","message":"Ruta GET /... no esta implementada"}
{"level":"warn","message":"Ruta GET /favicon.ico no esta implementada"}
{"level":"warn","message":"Ruta GET /profle no esta implementada"}
{"level":"warn","message":"Ruta GET /favicon.ico no esta implementada"}
{"level":"warn","message":"Ruta GET /favicon.ico no esta implementada"}
{"level":"warn","message":"Ruta GET /favicon.ico no esta implementada"}
{"level":"warn","message":"Ruta GET /favicon.ico no esta implementada"}
{"level":"warn","message":"Ruta GET /favicon.ico no esta implementada"}
{"level":"warn","message":"Ruta GET /favicon.ico no esta implementada"}
{"level":"warn","message":"Ruta GET /favicon.ico no esta implementada"}
{"level":"warn","message":"Ruta GET /favicon.ico no esta implementada"}
{"level":"warn","message":"Ruta GET /favicon.ico no esta implementada"}
{"level":"warn","message":"Ruta GET /favicon.ico no esta implementada"}
{"level":"warn","message":"Ruta GET /favicon.ico no esta implementada"}
{"level":"warn","message":"Ruta GET /favicon.ico no esta implementada"}
{"level":"warn","message":"Ruta GET /favicon.ico no esta implementada"}
{"level":"warn","message":"Ruta GET /avatar_robert.webp no esta implementada"}
{"level":"warn","message":"Ruta GET /favicon.ico no esta implementada"}
{"level":"warn","message":"Ruta GET /avatar_robert.webp no esta implementada"}
{"level":"warn","message":"Ruta GET /favicon.ico no esta implementada"}
{"level":"warn","message":"Ruta GET /avatar_robert.webp no esta implementada"}
{"level":"warn","message":"Ruta GET /favicon.ico no esta implementada"}
{"level":"warn","message":"Ruta GET /favicon.ico no esta implementada"}
{"level":"warn","message":"Ruta GET /... no esta implementada"}
{"level":"warn","message":"Ruta GET /favicon.ico no esta implementada"}
{"level":"warn","message":"Ruta GET /public/assets/avatar.png no esta implementada"}
{"level":"warn","message":"Ruta GET /favicon.ico no esta implementada"}
{"level":"warn","message":"Ruta GET /public/assets/avatar.png no esta implementada"}
{"level":"warn","message":"Ruta GET /favicon.ico no esta implementada"}
{"level":"warn","message":"Ruta GET /public/assets/avatar.png no esta implementada"}
{"level":"warn","message":"Ruta GET /favicon.ico no esta implementada"}
{"level":"warn","message":"Ruta GET /favicon.ico no esta implementada"}
{"level":"warn","message":"Ruta GET /... no esta implementada"}
{"level":"warn","message":"Ruta GET /favicon.ico no esta implementada"}
{"level":"warn","message":"Ruta GET /favicon.ico no esta implementada"}
{"level":"warn","message":"Ruta GET /favicon.ico no esta implementada"}
{"level":"warn","message":"Ruta GET /favicon.ico no esta implementada"}
{"level":"warn","message":"Ruta GET /... no esta implementada"}
{"level":"warn","message":"Ruta GET /favicon.ico no esta implementada"}
{"level":"warn","message":"Ruta GET /favicon.ico no esta implementada"}
{"level":"warn","message":"Ruta GET /favicon.ico no esta implementada"}
{"level":"warn","message":"Ruta GET /favicon.ico no esta implementada"}
{"level":"warn","message":"Ruta GET /favicon.ico no esta implementada"}
{"level":"warn","message":"Ruta GET /favicon.ico no esta implementada"}
{"level":"warn","message":"Ruta GET /favicon.ico no esta implementada"}
{"level":"warn","message":"Ruta GET /favicon.ico no esta implementada"}
{"level":"warn","message":"Ruta GET /favicon.ico no esta implementada"}
{"level":"warn","message":"Ruta GET /C:/Users/Nicolas/OneDrive/5-Programacion/Coderhouse/4Backend/ecommerce-backend/public/assets/avatar.png no esta implementada"}
{"level":"warn","message":"Ruta GET /favicon.ico no esta implementada"}
{"level":"warn","message":"Ruta GET /favicon.ico no esta implementada"}
{"level":"warn","message":"Ruta GET /favicon.ico no esta implementada"}
{"level":"warn","message":"Ruta GET /favicon.ico no esta implementada"}
{"level":"warn","message":"Ruta GET /favicon.ico no esta implementada"}
{"level":"warn","message":"Ruta GET /favicon.ico no esta implementada"}
{"level":"warn","message":"Ruta GET /favicon.ico no esta implementada"}
{"level":"warn","message":"Ruta GET /favicon.ico no esta implementada"}
{"level":"warn","message":"Ruta GET /public/assets/avatar.png no esta implementada"}
{"level":"warn","message":"Ruta GET /favicon.ico no esta implementada"}
{"level":"warn","message":"Ruta GET /public/assets/avatar.png no esta implementada"}
{"level":"warn","message":"Ruta GET /favicon.ico no esta implementada"}
{"level":"warn","message":"Ruta GET /public/assets/avatar.png no esta implementada"}
{"level":"warn","message":"Ruta GET /favicon.ico no esta implementada"}
{"level":"warn","message":"Ruta GET /public/assets/avatar.png no esta implementada"}
{"level":"warn","message":"Ruta GET /favicon.ico no esta implementada"}
{"level":"warn","message":"Ruta GET /public/assets/avatar.png no esta implementada"}
{"level":"warn","message":"Ruta GET /favicon.ico no esta implementada"}
{"level":"warn","message":"Ruta GET /public/assets/avatar.png no esta implementada"}
{"level":"warn","message":"Ruta GET /favicon.ico no esta implementada"}
{"level":"warn","message":"Ruta GET /public/assets/avatar.png no esta implementada"}
{"level":"warn","message":"Ruta GET /favicon.ico no esta implementada"}
{"level":"warn","message":"Ruta GET /public/assets/avatar.png no esta implementada"}
{"level":"warn","message":"Ruta GET /favicon.ico no esta implementada"}
{"level":"warn","message":"Ruta GET /public/assets/avatar.png no esta implementada"}
{"level":"warn","message":"Ruta GET /favicon.ico no esta implementada"}
{"level":"warn","message":"Ruta GET /public/assets/avatar.png no esta implementada"}
{"level":"warn","message":"Ruta GET /favicon.ico no esta implementada"}
{"level":"warn","message":"Ruta GET /favicon.ico no esta implementada"}
{"level":"warn","message":"Ruta GET /favicon.ico no esta implementada"}
{"level":"warn","message":"Ruta GET /favicon.ico no esta implementada"}
{"level":"warn","message":"Ruta GET /favicon.ico no esta implementada"}
{"level":"warn","message":"Ruta GET /favicon.ico no esta implementada"}
{"level":"warn","message":"Ruta GET /favicon.ico no esta implementada"}
{"level":"warn","message":"Ruta GET /favicon.ico no esta implementada"}
{"level":"warn","message":"Ruta GET /favicon.ico no esta implementada"}
{"level":"warn","message":"Ruta GET /favicon.ico no esta implementada"}
{"level":"warn","message":"Ruta GET /favicon.ico no esta implementada"}
{"level":"warn","message":"Ruta GET /favicon.ico no esta implementada"}
{"level":"warn","message":"Ruta GET /favicon.ico no esta implementada"}
{"level":"warn","message":"Ruta GET /favicon.ico no esta implementada"}
{"level":"warn","message":"Ruta GET /favicon.ico no esta implementada"}
{"level":"warn","message":"Ruta GET /favicon.ico no esta implementada"}
{"level":"warn","message":"Ruta GET /favicon.ico no esta implementada"}
{"level":"warn","message":"Ruta GET /favicon.ico no esta implementada"}
{"level":"warn","message":"Ruta GET /favicon.ico no esta implementada"}
{"level":"warn","message":"Ruta GET /favicon.ico no esta implementada"}
{"level":"warn","message":"Ruta GET /favicon.ico no esta implementada"}
{"level":"warn","message":"Ruta GET /favicon.ico no esta implementada"}
{"level":"warn","message":"Ruta GET /favicon.ico no esta implementada"}
{"level":"warn","message":"Ruta GET /favicon.ico no esta implementada"}
{"level":"warn","message":"Ruta GET /favicon.ico no esta implementada"}
{"level":"warn","message":"Ruta GET /favicon.ico no esta implementada"}
{"level":"warn","message":"Ruta GET /favicon.ico no esta implementada"}
{"level":"warn","message":"Ruta GET /favicon.ico no esta implementada"}
{"level":"warn","message":"Ruta GET /favicon.ico no esta implementada"}
{"level":"warn","message":"Ruta GET /favicon.ico no esta implementada"}
{"level":"warn","message":"Ruta GET /favicon.ico no esta implementada"}
{"level":"warn","message":"Ruta GET /favicon.ico no esta implementada"}
{"level":"warn","message":"Ruta GET /favicon.ico no esta implementada"}
{"level":"warn","message":"Ruta GET /... no esta implementada"}
{"level":"warn","message":"Ruta GET /favicon.ico no esta implementada"}
{"level":"warn","message":"Ruta GET /avatar_robert.webp no esta implementada"}
{"level":"warn","message":"Ruta GET /favicon.ico no esta implementada"}
{"level":"warn","message":"Ruta GET /... no esta implementada"}
{"level":"warn","message":"Ruta GET /favicon.ico no esta implementada"}
{"level":"warn","message":"Ruta GET /avatar_robert.webp no esta implementada"}
{"level":"warn","message":"Ruta GET /favicon.ico no esta implementada"}
{"level":"warn","message":"Ruta GET /avatar_robert.webp no esta implementada"}
{"level":"warn","message":"Ruta GET /favicon.ico no esta implementada"}
{"level":"warn","message":"Ruta GET /avatar_robert.webp no esta implementada"}
{"level":"warn","message":"Ruta GET /favicon.ico no esta implementada"}
{"level":"warn","message":"Ruta GET /avatar_robert.webp no esta implementada"}
{"level":"warn","message":"Ruta GET /favicon.ico no esta implementada"}
{"level":"warn","message":"Ruta GET /avatar_robert.webp no esta implementada"}
{"level":"warn","message":"Ruta GET /favicon.ico no esta implementada"}
{"level":"warn","message":"Ruta GET /avatar_robert.webp no esta implementada"}
{"level":"warn","message":"Ruta GET /favicon.ico no esta implementada"}
{"level":"warn","message":"Ruta GET /avatar_robert.webp no esta implementada"}
{"level":"warn","message":"Ruta GET /favicon.ico no esta implementada"}
{"level":"warn","message":"Ruta GET /avatar_robert.webp no esta implementada"}
{"level":"warn","message":"Ruta GET /favicon.ico no esta implementada"}
{"level":"warn","message":"Ruta GET /avatar_robert.webp no esta implementada"}
{"level":"warn","message":"Ruta GET /favicon.ico no esta implementada"}
{"level":"warn","message":"Ruta GET /favicon.ico no esta implementada"}
{"level":"warn","message":"Ruta GET /avatar_robert.webp no esta implementada"}
{"level":"warn","message":"Ruta GET /favicon.ico no esta implementada"}
{"level":"warn","message":"Ruta GET /favicon.ico no esta implementada"}
{"level":"warn","message":"Ruta GET /avatar_robert.webp no esta implementada"}
{"level":"warn","message":"Ruta GET /favicon.ico no esta implementada"}
{"level":"warn","message":"Ruta GET /favicon.ico no esta implementada"}
{"level":"warn","message":"Ruta GET /... no esta implementada"}
{"level":"warn","message":"Ruta GET /favicon.ico no esta implementada"}
{"level":"warn","message":"Ruta GET /public/assets/avatar.png no esta implementada"}
{"level":"warn","message":"Ruta GET /favicon.ico no esta implementada"}
{"level":"warn","message":"Ruta GET /public/assets/avatar.png no esta implementada"}
{"level":"warn","message":"Ruta GET /favicon.ico no esta implementada"}
{"level":"warn","message":"Ruta GET /... no esta implementada"}
{"level":"warn","message":"Ruta GET /favicon.ico no esta implementada"}
{"level":"warn","message":"Ruta GET /public/assets/avatar.png no esta implementada"}
{"level":"warn","message":"Ruta GET /favicon.ico no esta implementada"}
{"level":"warn","message":"Ruta GET /public/assets/avatar.png no esta implementada"}
{"level":"warn","message":"Ruta GET /favicon.ico no esta implementada"}
{"level":"warn","message":"Ruta GET /public/assets/avatar.png no esta implementada"}
{"level":"warn","message":"Ruta GET /favicon.ico no esta implementada"}
{"level":"warn","message":"Ruta GET /public/assets/avatar.png no esta implementada"}
{"level":"warn","message":"Ruta GET /favicon.ico no esta implementada"}
{"level":"warn","message":"Ruta GET /public/assets/avatar.png no esta implementada"}
{"level":"warn","message":"Ruta GET /favicon.ico no esta implementada"}
{"level":"warn","message":"Ruta GET /favicon.ico no esta implementada"}
{"level":"warn","message":"Ruta GET /assets/1677862238349-avatar_robert.webp-7de70e26-3c2b-49d3-ba2d-54956cb7f624 no esta implementada"}
{"level":"warn","message":"Ruta GET /favicon.ico no esta implementada"}
{"level":"warn","message":"Ruta GET /assets/1677862308185-avatar_robert.webp-ea98fcaa-3abc-466d-a3c0-13abd144a837.png no esta implementada"}
{"level":"warn","message":"Ruta GET /favicon.ico no esta implementada"}
{"level":"warn","message":"Ruta GET /favicon.ico no esta implementada"}
{"level":"warn","message":"Ruta GET /favicon.ico no esta implementada"}
{"level":"warn","message":"Ruta GET /favicon.ico no esta implementada"}
{"level":"warn","message":"Ruta GET /favicon.ico no esta implementada"}
{"level":"warn","message":"Ruta GET /favicon.ico no esta implementada"}
{"level":"warn","message":"Ruta GET /favicon.ico no esta implementada"}
{"level":"warn","message":"Ruta GET /favicon.ico no esta implementada"}
{"level":"warn","message":"Ruta GET /favicon.ico no esta implementada"}
{"level":"warn","message":"Ruta GET /favicon.ico no esta implementada"}
{"level":"warn","message":"Ruta GET /products no esta implementada"}
{"level":"warn","message":"Ruta GET /favicon.ico no esta implementada"}
{"level":"warn","message":"Ruta GET /favicon.ico no esta implementada"}
{"level":"warn","message":"Ruta GET /... no esta implementada"}
{"level":"warn","message":"Ruta GET /favicon.ico no esta implementada"}
{"level":"warn","message":"Ruta GET /avatar_robert.webp no esta implementada"}
{"level":"warn","message":"Ruta GET /favicon.ico no esta implementada"}
{"level":"warn","message":"Ruta GET /avatar_robert.webp no esta implementada"}
{"level":"warn","message":"Ruta GET /favicon.ico no esta implementada"}
{"level":"warn","message":"Ruta GET /avatar_robert.webp no esta implementada"}
{"level":"warn","message":"Ruta GET /favicon.ico no esta implementada"}
{"level":"warn","message":"Ruta GET /avatar_robert.webp no esta implementada"}
{"level":"warn","message":"Ruta GET /favicon.ico no esta implementada"}
{"level":"warn","message":"Ruta GET /avatar_robert.webp no esta implementada"}
{"level":"warn","message":"Ruta GET /favicon.ico no esta implementada"}
{"level":"warn","message":"Ruta GET /avatar_robert.webp no esta implementada"}
{"level":"warn","message":"Ruta GET /favicon.ico no esta implementada"}
{"level":"warn","message":"Ruta GET /avatar_robert.webp no esta implementada"}
{"level":"warn","message":"Ruta GET /favicon.ico no esta implementada"}
{"level":"warn","message":"Ruta GET /avatar_robert.webp no esta implementada"}
{"level":"warn","message":"Ruta GET /favicon.ico no esta implementada"}
{"level":"warn","message":"Ruta GET /avatar_robert.webp no esta implementada"}
{"level":"warn","message":"Ruta GET /favicon.ico no esta implementada"}
{"level":"warn","message":"Ruta GET /avatar_robert.webp no esta implementada"}
{"level":"warn","message":"Ruta GET /favicon.ico no esta implementada"}
{"level":"warn","message":"Ruta GET /avatar_robert.webp no esta implementada"}
{"level":"warn","message":"Ruta GET /favicon.ico no esta implementada"}
{"level":"warn","message":"Ruta GET /avatar_robert.webp no esta implementada"}
{"level":"warn","message":"Ruta GET /favicon.ico no esta implementada"}
{"level":"warn","message":"Ruta GET /avatar_robert.webp no esta implementada"}
{"level":"warn","message":"Ruta GET /favicon.ico no esta implementada"}
{"level":"warn","message":"Ruta GET /avatar_robert.webp no esta implementada"}
{"level":"warn","message":"Ruta GET /favicon.ico no esta implementada"}
{"level":"warn","message":"Ruta GET /avatar_robert.webp no esta implementada"}
{"level":"warn","message":"Ruta GET /favicon.ico no esta implementada"}
{"level":"warn","message":"Ruta GET /avatar_robert.webp no esta implementada"}
{"level":"warn","message":"Ruta GET /favicon.ico no esta implementada"}
{"level":"warn","message":"Ruta GET /avatar_robert.webp no esta implementada"}
{"level":"warn","message":"Ruta GET /favicon.ico no esta implementada"}
{"level":"warn","message":"Ruta GET /avatar_robert.webp no esta implementada"}
{"level":"warn","message":"Ruta GET /favicon.ico no esta implementada"}
{"level":"warn","message":"Ruta GET /avatar_robert.webp no esta implementada"}
{"level":"warn","message":"Ruta GET /favicon.ico no esta implementada"}
{"level":"warn","message":"Ruta GET /avatar_robert.webp no esta implementada"}
{"level":"warn","message":"Ruta GET /favicon.ico no esta implementada"}
{"level":"warn","message":"Ruta GET /avatar_robert.webp no esta implementada"}
{"level":"warn","message":"Ruta GET /favicon.ico no esta implementada"}
{"level":"warn","message":"Ruta GET /favicon.ico no esta implementada"}
{"level":"warn","message":"Ruta GET /... no esta implementada"}
{"level":"warn","message":"Ruta GET /favicon.ico no esta implementada"}
{"level":"warn","message":"Ruta GET /avatar_robert.webp no esta implementada"}
{"level":"warn","message":"Ruta GET /favicon.ico no esta implementada"}
{"level":"warn","message":"Ruta GET /products no esta implementada"}
{"level":"warn","message":"Ruta GET /favicon.ico no esta implementada"}
{"level":"warn","message":"Ruta GET /favicon.ico no esta implementada"}
{"level":"warn","message":"Ruta GET /cart no esta implementada"}
{"level":"warn","message":"Ruta GET /favicon.ico no esta implementada"}
{"level":"warn","message":"Ruta GET /favicon.ico no esta implementada"}
{"level":"warn","message":"Ruta GET /... no esta implementada"}
{"level":"warn","message":"Ruta GET /favicon.ico no esta implementada"}
{"level":"warn","message":"Ruta GET /favicon.ico no esta implementada"}
{"level":"warn","message":"Ruta GET /api/productos no esta implementada"}
{"level":"warn","message":"Ruta GET /favicon.ico no esta implementada"}
{"level":"warn","message":"Ruta GET /api/productos/1 no esta implementada"}
{"level":"warn","message":"Ruta GET /favicon.ico no esta implementada"}
{"level":"warn","message":"Ruta GET /api/productos/2 no esta implementada"}
{"level":"warn","message":"Ruta GET /favicon.ico no esta implementada"}
{"level":"warn","message":"Ruta GET /api/productos/ no esta implementada"}
{"level":"warn","message":"Ruta GET /favicon.ico no esta implementada"}
{"level":"warn","message":"Ruta GET /favicon.ico no esta implementada"}
{"level":"warn","message":"Ruta GET /api no esta implementada"}
{"level":"warn","message":"Ruta GET /favicon.ico no esta implementada"}
{"level":"warn","message":"Ruta GET /api no esta implementada"}
{"level":"warn","message":"Ruta GET /favicon.ico no esta implementada"}
{"level":"warn","message":"Ruta GET /favicon.ico no esta implementada"}
{"level":"warn","message":"Ruta GET /api/productos no esta implementada"}
{"level":"warn","message":"Ruta GET /favicon.ico no esta implementada"}
{"level":"warn","message":"Ruta GET /api/productos/ no esta implementada"}
{"level":"warn","message":"Ruta GET /favicon.ico no esta implementada"}
{"level":"warn","message":"Ruta GET /api/productos/1 no esta implementada"}
{"level":"warn","message":"Ruta GET /favicon.ico no esta implementada"}
{"level":"warn","message":"Ruta GET /api/productos/1 no esta implementada"}
{"level":"warn","message":"Ruta GET /favicon.ico no esta implementada"}
{"level":"warn","message":"Ruta GET /api/productos/ no esta implementada"}
{"level":"warn","message":"Ruta GET /favicon.ico no esta implementada"}
{"level":"warn","message":"Ruta GET /api/productos/ no esta implementada"}
{"level":"warn","message":"Ruta GET /favicon.ico no esta implementada"}
{"level":"warn","message":"Ruta GET /api/productos/ no esta implementada"}
{"level":"warn","message":"Ruta GET /favicon.ico no esta implementada"}
{"level":"warn","message":"Ruta GET /favicon.ico no esta implementada"}
{"level":"warn","message":"Ruta GET /favicon.ico no esta implementada"}
{"level":"warn","message":"Ruta GET /favicon.ico no esta implementada"}
{"level":"warn","message":"Ruta GET /api/productos no esta implementada"}
{"level":"warn","message":"Ruta GET /favicon.ico no esta implementada"}
{"level":"warn","message":"Ruta GET /api/productos/ no esta implementada"}
{"level":"warn","message":"Ruta GET /favicon.ico no esta implementada"}
{"level":"warn","message":"Error en ruta GET /...: CastError: Cast to Number failed for value \"NaN\" (type number) at path \"id\" for model \"productos\""}
{"level":"warn","message":"Error en ruta GET /...: CastError: Cast to Number failed for value \"NaN\" (type number) at path \"id\" for model \"productos\""}
{"level":"warn","message":"Error en ruta GET /class=%22card-img-top%22: CastError: Cast to Number failed for value \"NaN\" (type number) at path \"id\" for model \"productos\""}
{"level":"warn","message":"Error en ruta GET /class=%22card-img-top%22: CastError: Cast to Number failed for value \"NaN\" (type number) at path \"id\" for model \"productos\""}
{"level":"warn","message":"Error en ruta GET /class=%22card-img-top%22: CastError: Cast to Number failed for value \"NaN\" (type number) at path \"id\" for model \"productos\""}
{"level":"warn","message":"Error en ruta GET /class=%22card-img-top%22: CastError: Cast to Number failed for value \"NaN\" (type number) at path \"id\" for model \"productos\""}
{"level":"warn","message":"Error en ruta GET /class=%22card-img-top%22: CastError: Cast to Number failed for value \"NaN\" (type number) at path \"id\" for model \"productos\""}
{"level":"warn","message":"Error en ruta GET /class=%22card-img-top%22: CastError: Cast to Number failed for value \"NaN\" (type number) at path \"id\" for model \"productos\""}
{"level":"warn","message":"Error en ruta GET /class=%22card-img-top%22: CastError: Cast to Number failed for value \"NaN\" (type number) at path \"id\" for model \"productos\""}
{"level":"warn","message":"Error en ruta GET /class=%22card-img-top%22: CastError: Cast to Number failed for value \"NaN\" (type number) at path \"id\" for model \"productos\""}
{"level":"warn","message":"Error en ruta GET /url4: CastError: Cast to Number failed for value \"NaN\" (type number) at path \"id\" for model \"productos\""}
{"level":"warn","message":"Error en ruta GET /url5: CastError: Cast to Number failed for value \"NaN\" (type number) at path \"id\" for model \"productos\""}
{"level":"warn","message":"Error en ruta GET /url4: CastError: Cast to Number failed for value \"NaN\" (type number) at path \"id\" for model \"productos\""}
{"level":"warn","message":"Error en ruta GET /url5: CastError: Cast to Number failed for value \"NaN\" (type number) at path \"id\" for model \"productos\""}
{"level":"warn","message":"Error en ruta GET /url4: CastError: Cast to Number failed for value \"NaN\" (type number) at path \"id\" for model \"productos\""}
{"level":"warn","message":"Error en ruta GET /url5: CastError: Cast to Number failed for value \"NaN\" (type number) at path \"id\" for model \"productos\""}
{"level":"warn","message":"Error en ruta GET /url4: CastError: Cast to Number failed for value \"NaN\" (type number) at path \"id\" for model \"productos\""}
{"level":"warn","message":"Error en ruta GET /url5: CastError: Cast to Number failed for value \"NaN\" (type number) at path \"id\" for model \"productos\""}
{"level":"warn","message":"Error en ruta GET /url4: CastError: Cast to Number failed for value \"NaN\" (type number) at path \"id\" for model \"productos\""}
{"level":"warn","message":"Error en ruta GET /url5: CastError: Cast to Number failed for value \"NaN\" (type number) at path \"id\" for model \"productos\""}
{"level":"warn","message":"Error en ruta GET /url5: CastError: Cast to Number failed for value \"NaN\" (type number) at path \"id\" for model \"productos\""}
{"level":"warn","message":"Error en ruta GET /url4: CastError: Cast to Number failed for value \"NaN\" (type number) at path \"id\" for model \"productos\""}
{"level":"warn","message":"Error en ruta GET /url4: CastError: Cast to Number failed for value \"NaN\" (type number) at path \"id\" for model \"productos\""}
{"level":"warn","message":"Error en ruta GET /url5: CastError: Cast to Number failed for value \"NaN\" (type number) at path \"id\" for model \"productos\""}
{"level":"warn","message":"Error en ruta GET /url4: CastError: Cast to Number failed for value \"NaN\" (type number) at path \"id\" for model \"productos\""}
{"level":"warn","message":"Error en ruta GET /url5: CastError: Cast to Number failed for value \"NaN\" (type number) at path \"id\" for model \"productos\""}
{"level":"warn","message":"Ruta GET /api/ no esta implementada"}
{"level":"warn","message":"Ruta GET /api/url4 no esta implementada"}
{"level":"warn","message":"Ruta GET /api/url5 no esta implementada"}
{"level":"warn","message":"Ruta GET /api/url5 no esta implementada"}
{"level":"warn","message":"Ruta GET /api/url4 no esta implementada"}
{"level":"warn","message":"Ruta GET /api/class=%22card-img-top%22 no esta implementada"}
{"level":"warn","message":"Ruta GET /api/class=%22card-img-top%22 no esta implementada"}
{"level":"warn","message":"Ruta GET /api/class=%22card-img-top%22 no esta implementada"}
{"level":"warn","message":"Ruta GET /api/class=%22card-img-top%22 no esta implementada"}
{"level":"warn","message":"Ruta GET /api/class=%22card-img-top%22 no esta implementada"}
{"level":"warn","message":"Ruta GET /api/class=%22card-img-top%22 no esta implementada"}
{"level":"warn","message":"Ruta GET /api/class=%22card-img-top%22 no esta implementada"}
{"level":"warn","message":"Ruta GET /api/class=%22card-img-top%22 no esta implementada"}
{"level":"warn","message":"Ruta GET /api/public/assets/productssieves.png no esta implementada"}
{"level":"warn","message":"Ruta GET /api/public/assets/productshydrometer.png no esta implementada"}
{"level":"warn","message":"Ruta GET /api/public/assets/productsbulk.png no esta implementada"}
{"level":"warn","message":"Ruta GET /api/public/assets/productsdensity.png no esta implementada"}
{"level":"warn","message":"Ruta GET /api/public/assets/productsbalance.png no esta implementada"}
{"level":"warn","message":"Ruta GET /api/public/assets/productscbr.png no esta implementada"}
{"level":"warn","message":"Ruta GET /api/public/assets/productsclassification.png no esta implementada"}
{"level":"warn","message":"Ruta GET /api/public/assets/productsoedometer.png no esta implementada"}
{"level":"warn","message":"Ruta GET /api/public/assets/productstx.png no esta implementada"}
{"level":"warn","message":"Ruta GET /api/public/assets/productsucs.png no esta implementada"}
{"level":"warn","message":"Ruta GET /api/public/assets/productsshear.png no esta implementada"}
{"level":"warn","message":"Ruta GET /api/public/assets/productspermeameter.png no esta implementada"}
{"level":"warn","message":"Ruta GET /api/public/assets/productsucsrock.png no esta implementada"}
{"level":"warn","message":"Ruta GET /api/public/assets/productsph.png no esta implementada"}
{"level":"warn","message":"Ruta GET /api/public/assets/productschemical.png no esta implementada"}
{"level":"warn","message":"Ruta GET /api/public/assets/productswater.png no esta implementada"}
{"level":"warn","message":"Ruta GET /api/public/assets/productsplt.png no esta implementada"}
{"level":"warn","message":"Ruta GET /api/public/assets/productsproctor.png no esta implementada"}
{"level":"warn","message":"Ruta GET /api/public/assets/productsbalance.png no esta implementada"}
{"level":"warn","message":"Ruta GET /api/public/assets/productsclassification.png no esta implementada"}
{"level":"warn","message":"Ruta GET /api/public/assets/productshydrometer.png no esta implementada"}
{"level":"warn","message":"Ruta GET /api/public/assets/productssieves.png no esta implementada"}
{"level":"warn","message":"Ruta GET /api/public/assets/productsbulk.png no esta implementada"}
{"level":"warn","message":"Ruta GET /api/public/assets/productsproctor.png no esta implementada"}
{"level":"warn","message":"Ruta GET /api/public/assets/productscbr.png no esta implementada"}
{"level":"warn","message":"Ruta GET /api/public/assets/productsucs.png no esta implementada"}
{"level":"warn","message":"Ruta GET /api/public/assets/productspermeameter.png no esta implementada"}
{"level":"warn","message":"Ruta GET /api/public/assets/productsshear.png no esta implementada"}
{"level":"warn","message":"Ruta GET /api/public/assets/productsdensity.png no esta implementada"}
{"level":"warn","message":"Ruta GET /api/public/assets/productsplt.png no esta implementada"}
{"level":"warn","message":"Ruta GET /api/public/assets/productsucsrock.png no esta implementada"}
{"level":"warn","message":"Ruta GET /api/public/assets/productsph.png no esta implementada"}
{"level":"warn","message":"Ruta GET /api/public/assets/productstx.png no esta implementada"}
{"level":"warn","message":"Ruta GET /api/public/assets/productschemical.png no esta implementada"}
{"level":"warn","message":"Ruta GET /api/public/assets/productsoedometer.png no esta implementada"}
{"level":"warn","message":"Ruta GET /api/public/assets/productswater.png no esta implementada"}
{"level":"warn","message":"Ruta GET /api/assets/productshydrometer.png no esta implementada"}
{"level":"warn","message":"Ruta GET /api/assets/productsbulk.png no esta implementada"}
{"level":"warn","message":"Ruta GET /api/assets/productssieves.png no esta implementada"}
{"level":"warn","message":"Ruta GET /api/assets/productsdensity.png no esta implementada"}
{"level":"warn","message":"Ruta GET /api/assets/productsproctor.png no esta implementada"}
{"level":"warn","message":"Ruta GET /api/assets/productsclassification.png no esta implementada"}
{"level":"warn","message":"Ruta GET /api/assets/productsbalance.png no esta implementada"}
{"level":"warn","message":"Ruta GET /api/assets/productsoedometer.png no esta implementada"}
{"level":"warn","message":"Ruta GET /api/assets/productstx.png no esta implementada"}
{"level":"warn","message":"Ruta GET /api/assets/productsucs.png no esta implementada"}
{"level":"warn","message":"Ruta GET /api/assets/productsshear.png no esta implementada"}
{"level":"warn","message":"Ruta GET /api/assets/productspermeameter.png no esta implementada"}
{"level":"warn","message":"Ruta GET /api/assets/productsplt.png no esta implementada"}
{"level":"warn","message":"Ruta GET /api/assets/productscbr.png no esta implementada"}
{"level":"warn","message":"Ruta GET /api/assets/productsucsrock.png no esta implementada"}
{"level":"warn","message":"Ruta GET /api/assets/productschemical.png no esta implementada"}
{"level":"warn","message":"Ruta GET /api/assets/productswater.png no esta implementada"}
{"level":"warn","message":"Ruta GET /api/assets/productsph.png no esta implementada"}
{"level":"warn","message":"Ruta GET /api/assets/productshydrometer.png no esta implementada"}
{"level":"warn","message":"Ruta GET /api/assets/productsbalance.png no esta implementada"}
{"level":"warn","message":"Ruta GET /api/assets/productsdensity.png no esta implementada"}
{"level":"warn","message":"Ruta GET /api/assets/productsclassification.png no esta implementada"}
{"level":"warn","message":"Ruta GET /api/assets/productsoedometer.png no esta implementada"}
{"level":"warn","message":"Ruta GET /api/assets/productsproctor.png no esta implementada"}
{"level":"warn","message":"Ruta GET /api/assets/productscbr.png no esta implementada"}
{"level":"warn","message":"Ruta GET /api/assets/productspermeameter.png no esta implementada"}
{"level":"warn","message":"Ruta GET /api/assets/productsucs.png no esta implementada"}
{"level":"warn","message":"Ruta GET /api/assets/productsshear.png no esta implementada"}
{"level":"warn","message":"Ruta GET /api/assets/productsbulk.png no esta implementada"}
{"level":"warn","message":"Ruta GET /api/assets/productssieves.png no esta implementada"}
{"level":"warn","message":"Ruta GET /api/assets/productsucsrock.png no esta implementada"}
{"level":"warn","message":"Ruta GET /api/assets/productsph.png no esta implementada"}
{"level":"warn","message":"Ruta GET /api/assets/productsplt.png no esta implementada"}
{"level":"warn","message":"Ruta GET /api/assets/productschemical.png no esta implementada"}
{"level":"warn","message":"Ruta GET /api/assets/productswater.png no esta implementada"}
{"level":"warn","message":"Ruta GET /api/assets/productstx.png no esta implementada"}
{"level":"warn","message":"Ruta GET /api/assets/products/sieves.png no esta implementada"}
{"level":"warn","message":"Ruta GET /api/assets/products/hydrometer.png no esta implementada"}
{"level":"warn","message":"Ruta GET /api/assets/products/bulk.png no esta implementada"}
{"level":"warn","message":"Ruta GET /api/assets/products/density.png no esta implementada"}
{"level":"warn","message":"Ruta GET /api/assets/products/classification.png no esta implementada"}
{"level":"warn","message":"Ruta GET /api/assets/products/balance.png no esta implementada"}
{"level":"warn","message":"Ruta GET /api/assets/products/proctor.png no esta implementada"}
{"level":"warn","message":"Ruta GET /api/assets/products/oedometer.png no esta implementada"}
{"level":"warn","message":"Ruta GET /api/assets/products/tx.png no esta implementada"}
{"level":"warn","message":"Ruta GET /api/assets/products/ucs.png no esta implementada"}
{"level":"warn","message":"Ruta GET /api/assets/products/shear.png no esta implementada"}
{"level":"warn","message":"Ruta GET /api/assets/products/permeameter.png no esta implementada"}
{"level":"warn","message":"Ruta GET /api/assets/products/plt.png no esta implementada"}
{"level":"warn","message":"Ruta GET /api/assets/products/cbr.png no esta implementada"}
{"level":"warn","message":"Ruta GET /api/assets/products/ucsrock.png no esta implementada"}
{"level":"warn","message":"Ruta GET /api/assets/products/chemical.png no esta implementada"}
{"level":"warn","message":"Ruta GET /api/assets/products/ph.png no esta implementada"}
{"level":"warn","message":"Ruta GET /api/assets/products/balance.png no esta implementada"}
{"level":"warn","message":"Ruta GET /api/assets/products/hydrometer.png no esta implementada"}
{"level":"warn","message":"Ruta GET /api/assets/products/classification.png no esta implementada"}
{"level":"warn","message":"Ruta GET /api/assets/products/bulk.png no esta implementada"}
{"level":"warn","message":"Ruta GET /api/assets/products/oedometer.png no esta implementada"}
{"level":"warn","message":"Ruta GET /api/assets/products/cbr.png no esta implementada"}
{"level":"warn","message":"Ruta GET /api/assets/products/water.png no esta implementada"}
{"level":"warn","message":"Ruta GET /api/assets/products/tx.png no esta implementada"}
{"level":"warn","message":"Ruta GET /api/assets/products/proctor.png no esta implementada"}
{"level":"warn","message":"Ruta GET /api/assets/products/shear.png no esta implementada"}
{"level":"warn","message":"Ruta GET /api/assets/products/ucs.png no esta implementada"}
{"level":"warn","message":"Ruta GET /api/assets/products/plt.png no esta implementada"}
{"level":"warn","message":"Ruta GET /api/assets/products/permeameter.png no esta implementada"}
{"level":"warn","message":"Ruta GET /api/assets/products/sieves.png no esta implementada"}
{"level":"warn","message":"Ruta GET /api/assets/products/ucsrock.png no esta implementada"}
{"level":"warn","message":"Ruta GET /api/assets/products/ph.png no esta implementada"}
{"level":"warn","message":"Ruta GET /api/assets/products/chemical.png no esta implementada"}
{"level":"warn","message":"Ruta GET /api/assets/products/density.png no esta implementada"}
{"level":"warn","message":"Ruta GET /api/assets/products/water.png no esta implementada"}
{"level":"warn","message":"Ruta GET /api/public/assets/products/sieves.png no esta implementada"}
{"level":"warn","message":"Ruta GET /api/public/assets/products/hydrometer.png no esta implementada"}
{"level":"warn","message":"Ruta GET /api/public/assets/products/bulk.png no esta implementada"}
{"level":"warn","message":"Ruta GET /api/public/assets/products/density.png no esta implementada"}
{"level":"warn","message":"Ruta GET /api/public/assets/products/balance.png no esta implementada"}
{"level":"warn","message":"Ruta GET /api/public/assets/products/classification.png no esta implementada"}
{"level":"warn","message":"Ruta GET /api/public/assets/products/cbr.png no esta implementada"}
{"level":"warn","message":"Ruta GET /api/public/assets/products/oedometer.png no esta implementada"}
{"level":"warn","message":"Ruta GET /api/public/assets/products/tx.png no esta implementada"}
{"level":"warn","message":"Ruta GET /api/public/assets/products/ucs.png no esta implementada"}
{"level":"warn","message":"Ruta GET /api/public/assets/products/shear.png no esta implementada"}
{"level":"warn","message":"Ruta GET /api/public/assets/products/permeameter.png no esta implementada"}
{"level":"warn","message":"Ruta GET /api/public/assets/products/proctor.png no esta implementada"}
{"level":"warn","message":"Ruta GET /api/public/assets/products/plt.png no esta implementada"}
{"level":"warn","message":"Ruta GET /api/public/assets/products/chemical.png no esta implementada"}
{"level":"warn","message":"Ruta GET /api/public/assets/products/ph.png no esta implementada"}
{"level":"warn","message":"Ruta GET /api/public/assets/products/water.png no esta implementada"}
{"level":"warn","message":"Ruta GET /api/public/assets/products/ucsrock.png no esta implementada"}
{"level":"warn","message":"Ruta GET /api/public/assets/products/balance.png no esta implementada"}
{"level":"warn","message":"Ruta GET /api/public/assets/products/bulk.png no esta implementada"}
{"level":"warn","message":"Ruta GET /api/public/assets/products/classification.png no esta implementada"}
{"level":"warn","message":"Ruta GET /api/public/assets/products/sieves.png no esta implementada"}
{"level":"warn","message":"Ruta GET /api/public/assets/products/proctor.png no esta implementada"}
{"level":"warn","message":"Ruta GET /api/public/assets/products/oedometer.png no esta implementada"}
{"level":"warn","message":"Ruta GET /api/public/assets/products/cbr.png no esta implementada"}
{"level":"warn","message":"Ruta GET /api/public/assets/products/tx.png no esta implementada"}
{"level":"warn","message":"Ruta GET /api/public/assets/products/ucs.png no esta implementada"}
{"level":"warn","message":"Ruta GET /api/public/assets/products/permeameter.png no esta implementada"}
{"level":"warn","message":"Ruta GET /api/public/assets/products/shear.png no esta implementada"}
{"level":"warn","message":"Ruta GET /api/public/assets/products/plt.png no esta implementada"}
{"level":"warn","message":"Ruta GET /api/public/assets/products/ucsrock.png no esta implementada"}
{"level":"warn","message":"Ruta GET /api/public/assets/products/density.png no esta implementada"}
{"level":"warn","message":"Ruta GET /api/public/assets/products/hydrometer.png no esta implementada"}
{"level":"warn","message":"Ruta GET /api/public/assets/products/chemical.png no esta implementada"}
{"level":"warn","message":"Ruta GET /api/public/assets/products/ph.png no esta implementada"}
{"level":"warn","message":"Ruta GET /api/public/assets/products/water.png no esta implementada"}
{"level":"warn","message":"Ruta GET /api/assets/products/hydrometer.png no esta implementada"}
{"level":"warn","message":"Ruta GET /api/assets/products/bulk.png no esta implementada"}
{"level":"warn","message":"Ruta GET /api/assets/products/sieves.png no esta implementada"}
{"level":"warn","message":"Ruta GET /api/assets/products/density.png no esta implementada"}
{"level":"warn","message":"Ruta GET /api/assets/products/proctor.png no esta implementada"}
{"level":"warn","message":"Ruta GET /api/assets/products/classification.png no esta implementada"}
{"level":"warn","message":"Ruta GET /api/assets/products/balance.png no esta implementada"}
{"level":"warn","message":"Ruta GET /api/assets/products/oedometer.png no esta implementada"}
{"level":"warn","message":"Ruta GET /api/assets/products/tx.png no esta implementada"}
{"level":"warn","message":"Ruta GET /api/assets/products/ucs.png no esta implementada"}
{"level":"warn","message":"Ruta GET /api/assets/products/shear.png no esta implementada"}
{"level":"warn","message":"Ruta GET /api/assets/products/permeameter.png no esta implementada"}
{"level":"warn","message":"Ruta GET /api/assets/products/plt.png no esta implementada"}
{"level":"warn","message":"Ruta GET /api/assets/products/ucsrock.png no esta implementada"}
{"level":"warn","message":"Ruta GET /api/assets/products/ph.png no esta implementada"}
{"level":"warn","message":"Ruta GET /api/assets/products/water.png no esta implementada"}
{"level":"warn","message":"Ruta GET /api/assets/products/cbr.png no esta implementada"}
{"level":"warn","message":"Ruta GET /api/assets/products/chemical.png no esta implementada"}
{"level":"warn","message":"Ruta GET /api/assets/products/density.png no esta implementada"}
{"level":"warn","message":"Ruta GET /api/assets/products/sieves.png no esta implementada"}
{"level":"warn","message":"Ruta GET /api/assets/products/hydrometer.png no esta implementada"}
{"level":"warn","message":"Ruta GET /api/assets/products/classification.png no esta implementada"}
{"level":"warn","message":"Ruta GET /api/assets/products/cbr.png no esta implementada"}
{"level":"warn","message":"Ruta GET /api/assets/products/proctor.png no esta implementada"}
{"level":"warn","message":"Ruta GET /api/assets/products/tx.png no esta implementada"}
{"level":"warn","message":"Ruta GET /api/assets/products/oedometer.png no esta implementada"}
{"level":"warn","message":"Ruta GET /api/assets/products/shear.png no esta implementada"}
{"level":"warn","message":"Ruta GET /api/assets/products/ucs.png no esta implementada"}
{"level":"warn","message":"Ruta GET /api/assets/products/permeameter.png no esta implementada"}
{"level":"warn","message":"Ruta GET /api/assets/products/plt.png no esta implementada"}
{"level":"warn","message":"Ruta GET /api/assets/products/ph.png no esta implementada"}
{"level":"warn","message":"Ruta GET /api/assets/products/bulk.png no esta implementada"}
{"level":"warn","message":"Ruta GET /api/assets/products/ucsrock.png no esta implementada"}
{"level":"warn","message":"Ruta GET /api/assets/products/balance.png no esta implementada"}
{"level":"warn","message":"Ruta GET /api/assets/products/chemical.png no esta implementada"}
{"level":"warn","message":"Ruta GET /api/assets/products/water.png no esta implementada"}
{"level":"warn","message":"Ruta GET /api/assets/products/balance.png no esta implementada"}
{"level":"warn","message":"Ruta GET /api/assets/products/classification.png no esta implementada"}
{"level":"warn","message":"Ruta GET /api/assets/products/density.png no esta implementada"}
{"level":"warn","message":"Ruta GET /api/assets/products/bulk.png no esta implementada"}
{"level":"warn","message":"Ruta GET /api/assets/products/sieves.png no esta implementada"}
{"level":"warn","message":"Ruta GET /api/assets/products/oedometer.png no esta implementada"}
{"level":"warn","message":"Ruta GET /api/assets/products/cbr.png no esta implementada"}
{"level":"warn","message":"Ruta GET /api/assets/products/proctor.png no esta implementada"}
{"level":"warn","message":"Ruta GET /api/assets/products/ucs.png no esta implementada"}
{"level":"warn","message":"Ruta GET /api/assets/products/shear.png no esta implementada"}
{"level":"warn","message":"Ruta GET /api/assets/products/plt.png no esta implementada"}
{"level":"warn","message":"Ruta GET /api/assets/products/permeameter.png no esta implementada"}
{"level":"warn","message":"Ruta GET /api/assets/products/ucsrock.png no esta implementada"}
{"level":"warn","message":"Ruta GET /api/assets/products/ph.png no esta implementada"}
{"level":"warn","message":"Ruta GET /api/assets/products/chemical.png no esta implementada"}
{"level":"warn","message":"Ruta GET /api/assets/products/hydrometer.png no esta implementada"}
{"level":"warn","message":"Ruta GET /api/assets/products/water.png no esta implementada"}
{"level":"warn","message":"Ruta GET /api/assets/products/tx.png no esta implementada"}
{"level":"warn","message":"Ruta GET /public/assets/products/sieves.png no esta implementada"}
{"level":"warn","message":"Ruta GET /public/assets/products/hydrometer.png no esta implementada"}
{"level":"warn","message":"Ruta GET /public/assets/products/bulk.png no esta implementada"}
{"level":"warn","message":"Ruta GET /public/assets/products/density.png no esta implementada"}
{"level":"warn","message":"Ruta GET /public/assets/products/classification.png no esta implementada"}
{"level":"warn","message":"Ruta GET /public/assets/products/balance.png no esta implementada"}
{"level":"warn","message":"Ruta GET /public/assets/products/cbr.png no esta implementada"}
{"level":"warn","message":"Ruta GET /public/assets/products/oedometer.png no esta implementada"}
{"level":"warn","message":"Ruta GET /public/assets/products/tx.png no esta implementada"}
{"level":"warn","message":"Ruta GET /public/assets/products/ucs.png no esta implementada"}
{"level":"warn","message":"Ruta GET /public/assets/products/shear.png no esta implementada"}
{"level":"warn","message":"Ruta GET /public/assets/products/permeameter.png no esta implementada"}
{"level":"warn","message":"Ruta GET /public/assets/products/plt.png no esta implementada"}
{"level":"warn","message":"Ruta GET /public/assets/products/ph.png no esta implementada"}
{"level":"warn","message":"Ruta GET /public/assets/products/proctor.png no esta implementada"}
{"level":"warn","message":"Ruta GET /public/assets/products/chemical.png no esta implementada"}
{"level":"warn","message":"Ruta GET /public/assets/products/water.png no esta implementada"}
{"level":"warn","message":"Ruta GET /public/assets/products/ucsrock.png no esta implementada"}
{"level":"warn","message":"Ruta GET /public/assets/products/sieves.png no esta implementada"}
{"level":"warn","message":"Ruta GET /public/assets/products/hydrometer.png no esta implementada"}
{"level":"warn","message":"Ruta GET /public/assets/products/bulk.png no esta implementada"}
{"level":"warn","message":"Ruta GET /public/assets/products/density.png no esta implementada"}
{"level":"warn","message":"Ruta GET /public/assets/products/balance.png no esta implementada"}
{"level":"warn","message":"Ruta GET /public/assets/products/classification.png no esta implementada"}
{"level":"warn","message":"Ruta GET /public/assets/products/oedometer.png no esta implementada"}
{"level":"warn","message":"Ruta GET /public/assets/products/tx.png no esta implementada"}
{"level":"warn","message":"Ruta GET /public/assets/products/ucs.png no esta implementada"}
{"level":"warn","message":"Ruta GET /public/assets/products/shear.png no esta implementada"}
{"level":"warn","message":"Ruta GET /public/assets/products/permeameter.png no esta implementada"}
{"level":"warn","message":"Ruta GET /public/assets/products/plt.png no esta implementada"}
{"level":"warn","message":"Ruta GET /public/assets/products/ucsrock.png no esta implementada"}
{"level":"warn","message":"Ruta GET /public/assets/products/proctor.png no esta implementada"}
{"level":"warn","message":"Ruta GET /public/assets/products/cbr.png no esta implementada"}
{"level":"warn","message":"Ruta GET /public/assets/products/water.png no esta implementada"}
{"level":"warn","message":"Ruta GET /public/assets/products/ph.png no esta implementada"}
{"level":"warn","message":"Ruta GET /public/assets/products/chemical.png no esta implementada"}
{"level":"warn","message":"Ruta GET /public/assets/products/balance.png no esta implementada"}
{"level":"warn","message":"Ruta GET /public/assets/products/density.png no esta implementada"}
{"level":"warn","message":"Ruta GET /public/assets/products/classification.png no esta implementada"}
{"level":"warn","message":"Ruta GET /public/assets/products/sieves.png no esta implementada"}
{"level":"warn","message":"Ruta GET /public/assets/products/proctor.png no esta implementada"}
{"level":"warn","message":"Ruta GET /public/assets/products/oedometer.png no esta implementada"}
{"level":"warn","message":"Ruta GET /public/assets/products/cbr.png no esta implementada"}
{"level":"warn","message":"Ruta GET /public/assets/products/tx.png no esta implementada"}
{"level":"warn","message":"Ruta GET /public/assets/products/ucs.png no esta implementada"}
{"level":"warn","message":"Ruta GET /public/assets/products/permeameter.png no esta implementada"}
{"level":"warn","message":"Ruta GET /public/assets/products/shear.png no esta implementada"}
{"level":"warn","message":"Ruta GET /public/assets/products/ucsrock.png no esta implementada"}
{"level":"warn","message":"Ruta GET /public/assets/products/plt.png no esta implementada"}
{"level":"warn","message":"Ruta GET /public/assets/products/bulk.png no esta implementada"}
{"level":"warn","message":"Ruta GET /public/assets/products/hydrometer.png no esta implementada"}
{"level":"warn","message":"Ruta GET /public/assets/products/ph.png no esta implementada"}
{"level":"warn","message":"Ruta GET /public/assets/products/chemical.png no esta implementada"}
{"level":"warn","message":"Ruta GET /public/assets/products/water.png no esta implementada"}
{"level":"warn","message":"Ruta GET /api/img/icon.png no esta implementada"}
{"level":"warn","message":"Ruta GET /api/img/icon.png no esta implementada"}
{"level":"warn","message":"Ruta GET /cart no esta implementada"}
{"level":"warn","message":"Error en ruta GET /balance.png: CastError: Cast to Number failed for value \"NaN\" (type number) at path \"id\" for model \"productos\""}
{"level":"warn","message":"Error en ruta GET /balance.png: CastError: Cast to Number failed for value \"NaN\" (type number) at path \"id\" for model \"productos\""}
{"level":"warn","message":"Error en ruta GET /balance.png: CastError: Cast to Number failed for value \"NaN\" (type number) at path \"id\" for model \"productos\""}
{"level":"warn","message":"Error en ruta GET /balance.png: CastError: Cast to Number failed for value \"NaN\" (type number) at path \"id\" for model \"productos\""}
{"level":"warn","message":"Error en ruta GET /balance.png: CastError: Cast to Number failed for value \"NaN\" (type number) at path \"id\" for model \"productos\""}
{"level":"warn","message":"Error en ruta GET /balance.png: CastError: Cast to Number failed for value \"NaN\" (type number) at path \"id\" for model \"productos\""}
{"level":"warn","message":"Error en ruta GET /balance.png: CastError: Cast to Number failed for value \"NaN\" (type number) at path \"id\" for model \"productos\""}
{"level":"warn","message":"Error en ruta GET /balance.png: CastError: Cast to Number failed for value \"NaN\" (type number) at path \"id\" for model \"productos\""}
{"level":"warn","message":"Error en ruta GET /balance.png: CastError: Cast to Number failed for value \"NaN\" (type number) at path \"id\" for model \"productos\""}
{"level":"warn","message":"Error en ruta GET /balance.png: CastError: Cast to Number failed for value \"NaN\" (type number) at path \"id\" for model \"productos\""}
{"level":"warn","message":"Error en ruta GET /balance.png: CastError: Cast to Number failed for value \"NaN\" (type number) at path \"id\" for model \"productos\""}
{"level":"warn","message":"Ruta GET /api/assets/products/balance.png no esta implementada"}
{"level":"warn","message":"Ruta GET /api/assets/products/balance.png no esta implementada"}
{"level":"warn","message":"Ruta GET /cart no esta implementada"}
{"level":"warn","message":"Ruta GET /api/assets/products/balance.png no esta implementada"}
{"level":"warn","message":"Ruta GET /api/assets/products/bulk.png no esta implementada"}
{"level":"warn","message":"Ruta GET /api/assets/products/classification.png no esta implementada"}
{"level":"warn","message":"Ruta GET /api/assets/products/density.png no esta implementada"}
{"level":"warn","message":"Ruta GET /api/assets/products/proctor.png no esta implementada"}
{"level":"warn","message":"Ruta GET /api/assets/products/cbr.png no esta implementada"}
{"level":"warn","message":"Ruta GET /api/assets/products/oedometer.png no esta implementada"}
{"level":"warn","message":"Ruta GET /api/assets/products/tx.png no esta implementada"}
{"level":"warn","message":"Ruta GET /api/assets/products/ucs.png no esta implementada"}
{"level":"warn","message":"Ruta GET /api/assets/products/hydrometer.png no esta implementada"}
{"level":"warn","message":"Ruta GET /api/assets/products/shear.png no esta implementada"}
{"level":"warn","message":"Ruta GET /api/assets/products/plt.png no esta implementada"}
{"level":"warn","message":"Ruta GET /api/assets/products/ucsrock.png no esta implementada"}
{"level":"warn","message":"Ruta GET /api/assets/products/ph.png no esta implementada"}
{"level":"warn","message":"Ruta GET /api/assets/products/chemical.png no esta implementada"}
{"level":"warn","message":"Ruta GET /api/assets/products/water.png no esta implementada"}
{"level":"warn","message":"Ruta GET /api/assets/products/permeameter.png no esta implementada"}
{"level":"warn","message":"Ruta GET /api/assets/products/sieves.png no esta implementada"}
{"level":"warn","message":"Ruta GET /api/assets/products/balance.png no esta implementada"}
{"level":"warn","message":"Ruta GET /api/assets/products/classification.png no esta implementada"}
{"level":"warn","message":"Ruta GET /api/assets/products/bulk.png no esta implementada"}
{"level":"warn","message":"Ruta GET /api/assets/products/sieves.png no esta implementada"}
{"level":"warn","message":"Ruta GET /api/assets/products/tx.png no esta implementada"}
{"level":"warn","message":"Ruta GET /api/assets/products/proctor.png no esta implementada"}
{"level":"warn","message":"Ruta GET /api/assets/products/shear.png no esta implementada"}
{"level":"warn","message":"Ruta GET /api/assets/products/ucs.png no esta implementada"}
{"level":"warn","message":"Ruta GET /api/assets/products/density.png no esta implementada"}
{"level":"warn","message":"Ruta GET /api/assets/products/hydrometer.png no esta implementada"}
{"level":"warn","message":"Ruta GET /api/assets/products/permeameter.png no esta implementada"}
{"level":"warn","message":"Ruta GET /api/assets/products/plt.png no esta implementada"}
{"level":"warn","message":"Ruta GET /api/assets/products/ph.png no esta implementada"}
{"level":"warn","message":"Ruta GET /api/assets/products/ucsrock.png no esta implementada"}
{"level":"warn","message":"Ruta GET /api/assets/products/cbr.png no esta implementada"}
{"level":"warn","message":"Ruta GET /api/assets/products/oedometer.png no esta implementada"}
{"level":"warn","message":"Ruta GET /api/assets/products/chemical.png no esta implementada"}
{"level":"warn","message":"Ruta GET /api/assets/products/water.png no esta implementada"}
{"level":"warn","message":"Error en ruta GET /: ReferenceError: cartId is not defined"}
{"level":"warn","message":"Error en ruta GET /: ReferenceError: cartId is not defined"}
{"level":"warn","message":"Error en ruta GET /: ReferenceError: cartId is not defined"}
{"level":"warn","message":"Error en ruta GET /: ReferenceError: cartId is not defined"}
{"level":"warn","message":"Error en ruta GET /: ReferenceError: cartId is not defined"}
{"level":"warn","message":"Ruta GET /api/%602/productos%60 no esta implementada"}
{"level":"warn","message":"Ruta GET /api/%602/productos%60 no esta implementada"}
{"level":"warn","message":"Ruta GET /api/%602/productos%60 no esta implementada"}
{"level":"warn","message":"Ruta GET /api/%602/productos%60 no esta implementada"}
{"level":"warn","message":"Ruta GET /api/2/productos no esta implementada"}
{"level":"warn","message":"Ruta GET /api/2/productos no esta implementada"}
{"level":"warn","message":"Ruta GET /api/%602/productos%60 no esta implementada"}
{"level":"warn","message":"Ruta GET /api/%602/productos%60 no esta implementada"}
{"level":"warn","message":"Ruta GET /api/%602/productos%60 no esta implementada"}
{"level":"warn","message":"Ruta GET /api/%602/productos%60 no esta implementada"}
{"level":"warn","message":"Ruta GET /api/method=%22post%22? no esta implementada"}
{"level":"warn","message":"Ruta GET /api/method=%22post%22? no esta implementada"}
{"level":"warn","message":"Ruta GET /favicon.ico no esta implementada"}
{"level":"warn","message":"Ruta GET /cart no esta implementada"}
{"level":"warn","message":"Ruta GET /cart no esta implementada"}
{"level":"warn","message":"Ruta GET /products no esta implementada"}
{"level":"warn","message":"Ruta GET /products no esta implementada"}
{"level":"warn","message":"Ruta GET /products no esta implementada"}
{"level":"warn","message":"Ruta GET /products no esta implementada"}
{"level":"warn","message":"Ruta GET /favicon.ico no esta implementada"}
{"level":"warn","message":"Ruta GET /favicon.ico no esta implementada"}
{"level":"warn","message":"Ruta GET /favicon.ico no esta implementada"}
{"level":"warn","message":"Ruta GET /favicon.ico no esta implementada"}
{"level":"warn","message":"Ruta GET /favicon.ico no esta implementada"}
{"level":"warn","message":"Ruta GET /favicon.ico no esta implementada"}
{"level":"warn","message":"Ruta GET /favicon.ico no esta implementada"}
{"level":"warn","message":"Ruta GET /favicon.ico no esta implementada"}
{"level":"warn","message":"Ruta GET /favicon.ico no esta implementada"}
{"level":"warn","message":"Ruta GET /favicon.ico no esta implementada"}
{"level":"warn","message":"Ruta GET /favicon.ico no esta implementada"}
{"level":"warn","message":"Ruta GET /favicon.ico no esta implementada"}
{"level":"warn","message":"Ruta GET /favicon.ico no esta implementada"}
{"level":"warn","message":"Ruta GET /favicon.ico no esta implementada"}
{"level":"warn","message":"Ruta GET /favicon.ico no esta implementada"}
{"level":"warn","message":"Ruta GET /favicon.ico no esta implementada"}
{"level":"warn","message":"Ruta GET /favicon.ico no esta implementada"}
{"level":"warn","message":"Ruta GET /favicon.ico no esta implementada"}
{"level":"warn","message":"Ruta GET /favicon.ico no esta implementada"}
{"level":"warn","message":"Ruta GET /favicon.ico no esta implementada"}
{"level":"warn","message":"Ruta GET /favicon.ico no esta implementada"}
{"level":"warn","message":"Ruta GET /favicon.ico no esta implementada"}
{"level":"warn","message":"Ruta GET /favicon.ico no esta implementada"}
{"level":"warn","message":"Ruta GET /favicon.ico no esta implementada"}
{"level":"warn","message":"Ruta GET /favicon.ico no esta implementada"}
{"level":"warn","message":"Ruta GET /favicon.ico no esta implementada"}
{"level":"warn","message":"Ruta GET /favicon.ico no esta implementada"}
{"level":"warn","message":"Ruta GET /favicon.ico no esta implementada"}
{"level":"warn","message":"Ruta GET /favicon.ico no esta implementada"}
{"level":"warn","message":"Ruta GET /favicon.ico no esta implementada"}
{"level":"warn","message":"Ruta GET /favicon.ico no esta implementada"}
{"level":"warn","message":"Ruta GET /favicon.ico no esta implementada"}
{"level":"warn","message":"Ruta GET /favicon.ico no esta implementada"}
{"level":"warn","message":"Ruta GET /favicon.ico no esta implementada"}
{"level":"warn","message":"Ruta GET /favicon.ico no esta implementada"}
{"level":"warn","message":"Ruta GET /favicon.ico no esta implementada"}
{"level":"warn","message":"Ruta GET /api/products no esta implementada"}
{"level":"warn","message":"Ruta GET /favicon.ico no esta implementada"}
{"level":"warn","message":"Ruta GET /favicon.ico no esta implementada"}
{"level":"warn","message":"Ruta GET /favicon.ico no esta implementada"}
{"level":"warn","message":"Ruta GET /favicon.ico no esta implementada"}
{"level":"warn","message":"Ruta GET /favicon.ico no esta implementada"}
{"level":"warn","message":"Ruta GET /favicon.ico no esta implementada"}
{"level":"warn","message":"Ruta GET /favicon.ico no esta implementada"}
{"level":"warn","message":"Ruta GET /favicon.ico no esta implementada"}
{"level":"warn","message":"Ruta GET /favicon.ico no esta implementada"}
{"level":"warn","message":"Ruta GET /favicon.ico no esta implementada"}
{"level":"warn","message":"Ruta GET /favicon.ico no esta implementada"}
{"level":"warn","message":"Ruta GET /favicon.ico no esta implementada"}
{"level":"warn","message":"Ruta GET /favicon.ico no esta implementada"}
{"level":"warn","message":"Ruta GET /favicon.ico no esta implementada"}
{"level":"warn","message":"Ruta GET /favicon.ico no esta implementada"}
{"level":"warn","message":"Ruta GET /favicon.ico no esta implementada"}
{"level":"warn","message":"Ruta GET /favicon.ico no esta implementada"}
{"level":"warn","message":"Ruta GET /favicon.ico no esta implementada"}
{"level":"warn","message":"Ruta GET /favicon.ico no esta implementada"}
{"level":"warn","message":"Ruta GET /favicon.ico no esta implementada"}
{"level":"warn","message":"Ruta GET /favicon.ico no esta implementada"}
{"level":"warn","message":"Ruta GET /favicon.ico no esta implementada"}
{"level":"warn","message":"Ruta GET /favicon.ico no esta implementada"}
{"level":"warn","message":"Ruta GET /favicon.ico no esta implementada"}
{"level":"warn","message":"Ruta GET /favicon.ico no esta implementada"}
{"level":"warn","message":"Ruta GET /favicon.ico no esta implementada"}
{"level":"warn","message":"Ruta GET /favicon.ico no esta implementada"}
{"level":"warn","message":"Ruta GET /favicon.ico no esta implementada"}
{"level":"warn","message":"Ruta GET /favicon.ico no esta implementada"}
{"level":"warn","message":"Ruta GET /favicon.ico no esta implementada"}
{"level":"warn","message":"Ruta GET /favicon.ico no esta implementada"}
{"level":"warn","message":"Ruta GET /favicon.ico no esta implementada"}
{"level":"warn","message":"Ruta GET /favicon.ico no esta implementada"}
{"level":"warn","message":"Ruta GET /favicon.ico no esta implementada"}
{"level":"warn","message":"Ruta GET /favicon.ico no esta implementada"}
{"level":"warn","message":"Ruta GET /favicon.ico no esta implementada"}
{"level":"warn","message":"Ruta GET /favicon.ico no esta implementada"}
{"level":"warn","message":"Ruta GET /favicon.ico no esta implementada"}
{"level":"warn","message":"Ruta GET /favicon.ico no esta implementada"}
{"level":"warn","message":"Ruta GET /favicon.ico no esta implementada"}
{"level":"warn","message":"Ruta GET /favicon.ico no esta implementada"}
{"level":"warn","message":"Ruta GET /favicon.ico no esta implementada"}
{"level":"warn","message":"Ruta GET /favicon.ico no esta implementada"}
{"level":"warn","message":"Ruta GET /favicon.ico no esta implementada"}
{"level":"warn","message":"Ruta GET /favicon.ico no esta implementada"}
{"level":"warn","message":"Ruta GET /favicon.ico no esta implementada"}
{"level":"warn","message":"Ruta GET /favicon.ico no esta implementada"}
{"level":"warn","message":"Ruta GET /favicon.ico no esta implementada"}
